2021-11-09 18:23:22,560:INFO:Initializing load_model()
2021-11-09 18:23:22,560:INFO:load_model(model_name=model, platform=None, authentication=None, verbose=True)
2021-11-09 18:23:38,707:INFO:Initializing load_model()
2021-11-09 18:23:38,707:INFO:load_model(model_name=model, platform=None, authentication=None, verbose=True)
2021-11-09 18:23:39,203:INFO:Initializing load_model()
2021-11-09 18:23:39,203:INFO:load_model(model_name=model, platform=None, authentication=None, verbose=True)
2021-11-09 18:23:40,336:INFO:Initializing load_model()
2021-11-09 18:23:40,337:INFO:load_model(model_name=model, platform=None, authentication=None, verbose=True)
2021-11-09 18:23:40,739:INFO:Initializing load_model()
2021-11-09 18:23:40,745:INFO:load_model(model_name=model, platform=None, authentication=None, verbose=True)
2021-11-09 18:23:43,258:INFO:Initializing load_model()
2021-11-09 18:23:43,259:INFO:load_model(model_name=model, platform=None, authentication=None, verbose=True)
2021-11-09 18:23:43,451:INFO:Initializing predict_model()
2021-11-09 18:23:43,452:INFO:predict_model(estimator=Pipeline(steps=[('dtypes',
                 DataTypes_Auto_infer(ml_usecase='classification',
                                      numerical_features=['yearsAtCompany'],
                                      target='turnover')),
                ('imputer',
                 Simple_Imputer(categorical_strategy='not_available',
                                fill_value_categorical=None,
                                fill_value_numerical=None,
                                numeric_strategy='mean',
                                target_variable=None)),
                ('new_levels1',
                 New_Catagorical_Levels_in_TestData(rep...
                ('rem_outliers', 'passthrough'), ('cluster_all', 'passthrough'),
                ('dummy', Dummify(target='turnover')),
                ('fix_perfect', Remove_100(target='turnover')),
                ('clean_names', Clean_Colum_Names()),
                ('feature_select', 'passthrough'), ('fix_multi', 'passthrough'),
                ('dfs', 'passthrough'), ('pca', 'passthrough'),
                ['trained_model',
                 GradientBoostingClassifier(random_state=4510)]]), probability_threshold=None, encoded_labels=False, raw_score=False, round=4, verbose=True, ml_usecase=MLUsecase.CLASSIFICATION, display=None)
2021-11-09 18:23:43,453:INFO:Checking exceptions
2021-11-09 18:23:43,454:INFO:Preloading libraries
2021-11-09 18:24:09,044:INFO:Initializing load_model()
2021-11-09 18:24:09,044:INFO:load_model(model_name=model, platform=None, authentication=None, verbose=True)
2021-11-09 18:24:18,261:INFO:Initializing load_model()
2021-11-09 18:24:18,261:INFO:load_model(model_name=model, platform=None, authentication=None, verbose=True)
2021-11-09 18:24:24,870:INFO:Initializing load_model()
2021-11-09 18:24:24,870:INFO:load_model(model_name=model, platform=None, authentication=None, verbose=True)
2021-11-09 18:24:26,004:INFO:Initializing load_model()
2021-11-09 18:24:26,004:INFO:load_model(model_name=model, platform=None, authentication=None, verbose=True)
2021-11-09 18:24:26,175:INFO:Initializing predict_model()
2021-11-09 18:24:26,176:INFO:predict_model(estimator=Pipeline(steps=[('dtypes',
                 DataTypes_Auto_infer(ml_usecase='classification',
                                      numerical_features=['yearsAtCompany'],
                                      target='turnover')),
                ('imputer',
                 Simple_Imputer(categorical_strategy='not_available',
                                fill_value_categorical=None,
                                fill_value_numerical=None,
                                numeric_strategy='mean',
                                target_variable=None)),
                ('new_levels1',
                 New_Catagorical_Levels_in_TestData(rep...
                ('rem_outliers', 'passthrough'), ('cluster_all', 'passthrough'),
                ('dummy', Dummify(target='turnover')),
                ('fix_perfect', Remove_100(target='turnover')),
                ('clean_names', Clean_Colum_Names()),
                ('feature_select', 'passthrough'), ('fix_multi', 'passthrough'),
                ('dfs', 'passthrough'), ('pca', 'passthrough'),
                ['trained_model',
                 GradientBoostingClassifier(random_state=4510)]]), probability_threshold=None, encoded_labels=False, raw_score=False, round=4, verbose=True, ml_usecase=MLUsecase.CLASSIFICATION, display=None)
2021-11-09 18:24:26,182:INFO:Checking exceptions
2021-11-09 18:24:26,182:INFO:Preloading libraries
2021-11-09 18:39:26,569:INFO:Initializing load_model()
2021-11-09 18:39:26,569:INFO:load_model(model_name=model, platform=None, authentication=None, verbose=True)
2021-11-09 18:39:51,356:INFO:Initializing load_model()
2021-11-09 18:39:51,357:INFO:load_model(model_name=model, platform=None, authentication=None, verbose=True)
2021-11-09 18:39:51,720:INFO:Initializing load_model()
2021-11-09 18:39:51,721:INFO:load_model(model_name=model, platform=None, authentication=None, verbose=True)
2021-11-09 18:39:54,802:INFO:Initializing load_model()
2021-11-09 18:39:54,802:INFO:load_model(model_name=model, platform=None, authentication=None, verbose=True)
2021-11-09 18:39:55,269:INFO:Initializing load_model()
2021-11-09 18:39:55,274:INFO:load_model(model_name=model, platform=None, authentication=None, verbose=True)
2021-11-09 18:39:59,286:INFO:Initializing load_model()
2021-11-09 18:39:59,286:INFO:load_model(model_name=model, platform=None, authentication=None, verbose=True)
2021-11-09 18:40:16,176:INFO:Initializing load_model()
2021-11-09 18:40:16,176:INFO:load_model(model_name=model, platform=None, authentication=None, verbose=True)
2021-11-09 18:40:24,485:INFO:Initializing load_model()
2021-11-09 18:40:24,485:INFO:load_model(model_name=model, platform=None, authentication=None, verbose=True)
2021-11-09 18:40:27,720:INFO:Initializing load_model()
2021-11-09 18:40:27,722:INFO:load_model(model_name=model, platform=None, authentication=None, verbose=True)
2021-11-09 18:40:28,035:INFO:Initializing predict_model()
2021-11-09 18:40:28,035:INFO:predict_model(estimator=Pipeline(steps=[('dtypes',
                 DataTypes_Auto_infer(ml_usecase='classification',
                                      numerical_features=['yearsAtCompany'],
                                      target='turnover')),
                ('imputer',
                 Simple_Imputer(categorical_strategy='not_available',
                                fill_value_categorical=None,
                                fill_value_numerical=None,
                                numeric_strategy='mean',
                                target_variable=None)),
                ('new_levels1',
                 New_Catagorical_Levels_in_TestData(rep...
                ('rem_outliers', 'passthrough'), ('cluster_all', 'passthrough'),
                ('dummy', Dummify(target='turnover')),
                ('fix_perfect', Remove_100(target='turnover')),
                ('clean_names', Clean_Colum_Names()),
                ('feature_select', 'passthrough'), ('fix_multi', 'passthrough'),
                ('dfs', 'passthrough'), ('pca', 'passthrough'),
                ['trained_model',
                 GradientBoostingClassifier(random_state=4510)]]), probability_threshold=None, encoded_labels=False, raw_score=False, round=4, verbose=True, ml_usecase=MLUsecase.CLASSIFICATION, display=None)
2021-11-09 18:40:28,038:INFO:Checking exceptions
2021-11-09 18:40:28,039:INFO:Preloading libraries
2021-11-09 18:41:16,854:INFO:Initializing load_model()
2021-11-09 18:41:16,854:INFO:load_model(model_name=model, platform=None, authentication=None, verbose=True)
2021-11-09 18:41:22,208:INFO:Initializing load_model()
2021-11-09 18:41:22,208:INFO:load_model(model_name=model, platform=None, authentication=None, verbose=True)
2021-11-09 18:41:26,187:INFO:Initializing load_model()
2021-11-09 18:41:26,187:INFO:load_model(model_name=model, platform=None, authentication=None, verbose=True)
2021-11-09 18:41:27,076:INFO:Initializing load_model()
2021-11-09 18:41:27,077:INFO:load_model(model_name=model, platform=None, authentication=None, verbose=True)
2021-11-09 18:41:27,415:INFO:Initializing predict_model()
2021-11-09 18:41:27,415:INFO:predict_model(estimator=Pipeline(steps=[('dtypes',
                 DataTypes_Auto_infer(ml_usecase='classification',
                                      numerical_features=['yearsAtCompany'],
                                      target='turnover')),
                ('imputer',
                 Simple_Imputer(categorical_strategy='not_available',
                                fill_value_categorical=None,
                                fill_value_numerical=None,
                                numeric_strategy='mean',
                                target_variable=None)),
                ('new_levels1',
                 New_Catagorical_Levels_in_TestData(rep...
                ('rem_outliers', 'passthrough'), ('cluster_all', 'passthrough'),
                ('dummy', Dummify(target='turnover')),
                ('fix_perfect', Remove_100(target='turnover')),
                ('clean_names', Clean_Colum_Names()),
                ('feature_select', 'passthrough'), ('fix_multi', 'passthrough'),
                ('dfs', 'passthrough'), ('pca', 'passthrough'),
                ['trained_model',
                 GradientBoostingClassifier(random_state=4510)]]), probability_threshold=None, encoded_labels=False, raw_score=False, round=4, verbose=True, ml_usecase=MLUsecase.CLASSIFICATION, display=None)
2021-11-09 18:41:27,424:INFO:Checking exceptions
2021-11-09 18:41:27,424:INFO:Preloading libraries
